0 info it worked if it ends with ok
1 verbose cli [ '/usr/local/bin/node', '/usr/local/bin/npm', 'start' ]
2 info using npm@3.9.5
3 info using node@v6.2.2
4 verbose run-script [ 'prestart', 'start', 'poststart' ]
5 info lifecycle meeting_attendance@0.0.0~prestart: meeting_attendance@0.0.0
6 silly lifecycle meeting_attendance@0.0.0~prestart: no script for prestart, continuing
7 info lifecycle meeting_attendance@0.0.0~start: meeting_attendance@0.0.0
8 verbose lifecycle meeting_attendance@0.0.0~start: unsafe-perm in lifecycle true
9 verbose lifecycle meeting_attendance@0.0.0~start: PATH: /usr/local/lib/node_modules/npm/bin/node-gyp-bin:/Users/liudonghua/WebstormProjects/meeting_attendance/node_modules/.bin:/usr/local/bin:/Users/liudonghua/perl5/bin:/Users/liudonghua/bin:/Users/liudonghua/anaconda/bin:/Users/liudonghua/.sdkman/candidates/springboot/current/bin:/Users/liudonghua/.rvm/gems/ruby-2.1.5/bin:/Users/liudonghua/.rvm/gems/ruby-2.1.5@global/bin:/Users/liudonghua/.rvm/rubies/ruby-2.1.5/bin:/Users/liudonghua/bin:/usr/local/bin:/usr/local/bin:/usr/bin:/bin:/usr/sbin:/sbin:/opt/X11/bin:/usr/local/go/bin:/usr/local:/usr/local/sbin:/Users/liudonghua/Programs/apache-maven-3.3.9/bin:/Applications/XAMPP/xamppfiles/bin:/Users/liudonghua/Programs/android/sdk/tools:/Users/liudonghua/Programs/android/sdk/platform-tools:/Users/liudonghua/Programs/android/ndk:/Users/liudonghua/Programs/android/decompile_tools:/Users/liudonghua/Programs/android/decompile_tools/dex2jar:/Users/liudonghua/Programs/scala/bin:/Users/liudonghua/Programs/gradle-2.10/bin:/Users/liudonghua/.rvm/bin:/Users/liudonghua/.rvm/bin:/Users/liudonghua/.rvm/bin
10 verbose lifecycle meeting_attendance@0.0.0~start: CWD: /Users/liudonghua/WebstormProjects/meeting_attendance
11 silly lifecycle meeting_attendance@0.0.0~start: Args: [ '-c', 'node ./bin/www' ]
12 silly lifecycle meeting_attendance@0.0.0~start: Returned: code: 1  signal: null
13 info lifecycle meeting_attendance@0.0.0~start: Failed to exec start script
14 verbose stack Error: meeting_attendance@0.0.0 start: `node ./bin/www`
14 verbose stack Exit status 1
14 verbose stack     at EventEmitter.<anonymous> (/usr/local/lib/node_modules/npm/lib/utils/lifecycle.js:245:16)
14 verbose stack     at emitTwo (events.js:106:13)
14 verbose stack     at EventEmitter.emit (events.js:191:7)
14 verbose stack     at ChildProcess.<anonymous> (/usr/local/lib/node_modules/npm/lib/utils/spawn.js:24:14)
14 verbose stack     at emitTwo (events.js:106:13)
14 verbose stack     at ChildProcess.emit (events.js:191:7)
14 verbose stack     at maybeClose (internal/child_process.js:852:16)
14 verbose stack     at Process.ChildProcess._handle.onexit (internal/child_process.js:215:5)
15 verbose pkgid meeting_attendance@0.0.0
16 verbose cwd /Users/liudonghua/WebstormProjects/meeting_attendance
17 error Darwin 15.6.0
18 error argv "/usr/local/bin/node" "/usr/local/bin/npm" "start"
19 error node v6.2.2
20 error npm  v3.9.5
21 error code ELIFECYCLE
22 error meeting_attendance@0.0.0 start: `node ./bin/www`
22 error Exit status 1
23 error Failed at the meeting_attendance@0.0.0 start script 'node ./bin/www'.
23 error Make sure you have the latest version of node.js and npm installed.
23 error If you do, this is most likely a problem with the meeting_attendance package,
23 error not with npm itself.
23 error Tell the author that this fails on your system:
23 error     node ./bin/www
23 error You can get information on how to open an issue for this project with:
23 error     npm bugs meeting_attendance
23 error Or if that isn't available, you can get their info via:
23 error     npm owner ls meeting_attendance
23 error There is likely additional logging output above.
24 verbose exit [ 1, true ]
